<?xml version="1.0" encoding="UTF-8"?>
<config>
    <luceneIndexSearch>
        <enabled>true</enabled>
        <indexDirectory>/var/specs/specs-auditing/lucene-index</indexDirectory>
        <maxHits>1000</maxHits>
    </luceneIndexSearch>
</config>